

Starting up. (ID: bPo-auOx) 21:12.31
---------------------
[21:12:32] bPo-auOx MISC: Failed to connect to database in load_admins(). Reverting to legacy system.
[21:12:32] bPo-auOx MISC: Database connection failed. Reverting to the legacy ban system.
[21:12:32] bPo-auOx DEBUG: Rebuilding Master Controller


Starting up. (ID: bPo-avY4) 21:20.00
---------------------
[21:20:01] bPo-avY4 ADMIN: Loading jobban_rank
[21:20:01] bPo-avY4 ADMIN: jobban_keylist was empty
[21:20:01] bPo-avY4 ADMIN: Loading Banlist
[21:20:01] bPo-avY4 ADMIN: Banlist is empty.
[21:20:01] bPo-avY4 ADMIN: Banlist missing base dir.
[21:20:01] bPo-avY4 DEBUG: Rebuilding Master Controller
[21:22:10] bPo-avY4 ACCESS: Login: Vivalas/(Vivalas) from 127.0.0.1-1842493572 || BYOND v511
[21:22:30] bPo-avY4 ADMIN: Vivalas has started the game.
[21:22:32] bPo-avY4 DEBUG: Next event of severity Mundane in 15.128 minutes.
[21:22:32] bPo-avY4 DEBUG: Next event of severity Moderate in 44.2 minutes.
[21:22:32] bPo-avY4 DEBUG: Next event of severity Major in 94.0517 minutes.
[21:22:39] bPo-avY4 ACCESS: Logout: *no key*/(Vivalas)
[21:22:39] bPo-avY4 ACCESS: Login: Vivalas/(Isabel Simpson) from 127.0.0.1-1842493572 || BYOND v511
[21:23:01] bPo-avY4 ADMIN: Vivalas/(Silvester Taschner) created 1 /obj/item/clothing/suit/radio_harness (<a HREF='?_src_=holder;adminplayerobservecoodjump=1;X=56;Y=666;Z=1'>JMP</a>)
[21:23:32] bPo-avY4 ACCESS: Logout: *no key*/(Silvester Taschner)
[21:23:32] bPo-avY4 ACCESS: Login: Vivalas/(Isabel Simpson) from 127.0.0.1-1842493572 || BYOND v511
[21:23:38] bPo-avY4 ADMIN: Vivalas/(Isabel Simpson) teleported @Vivalas/(Silvester Taschner)
[21:23:39] bPo-avY4 ACCESS: Logout: *no key*/(Isabel Simpson)
[21:23:39] bPo-avY4 ACCESS: Login: Vivalas/(Silvester Taschner) from 127.0.0.1-1842493572 || BYOND v511
[21:23:53] bPo-avY4 SAY: Silvester Taschner/Vivalas : Test
[21:23:56] bPo-avY4 SAY: Silvester Taschner/Vivalas : Test
[21:24:06] bPo-avY4 SAY: Silvester Taschner/Vivalas : Test
[21:24:14] bPo-avY4 SAY: Silvester Taschner/Vivalas : Test
[21:26:16] bPo-avY4 EMOTE: Ian/ : <B>Ian</B> chases their tail
[21:26:52] bPo-avY4 SAY: corgi puppy/ : Bark!
[21:26:56] bPo-avY4 EMOTE: corgi puppy/ : <B>The corgi puppy</B> barks.
[21:27:56] bPo-avY4 ACCESS: Logout: Vivalas/(Silvester Taschner)


Starting up. (ID: bPo-aB8i) 21:59.17
---------------------
[21:59:18] bPo-aB8i ADMIN: Loading jobban_rank
[21:59:18] bPo-aB8i ADMIN: jobban_keylist was empty
[21:59:18] bPo-aB8i ADMIN: Loading Banlist
[21:59:18] bPo-aB8i DEBUG: Rebuilding Master Controller
[22:01:14] bPo-aB8i ACCESS: Login: Vivalas/(Vivalas) from 127.0.0.1-1842493572 || BYOND v511
[22:01:23] bPo-aB8i ADMIN: Vivalas has started the game.
[22:01:23] bPo-aB8i DEBUG: Next event of severity Mundane in 16.268 minutes.
[22:01:23] bPo-aB8i DEBUG: Next event of severity Moderate in 37.42 minutes.
[22:01:23] bPo-aB8i DEBUG: Next event of severity Major in 92.1917 minutes.
[22:01:27] bPo-aB8i ACCESS: Logout: *no key*/(Vivalas)
[22:01:27] bPo-aB8i ACCESS: Login: Vivalas/(Brittany Fischer) from 127.0.0.1-1842493572 || BYOND v511
[22:01:56] bPo-aB8i ACCESS: Logout: *no key*/(Gert Nadelman)
[22:01:56] bPo-aB8i ACCESS: Login: Vivalas/(Brittany Fischer) from 127.0.0.1-1842493572 || BYOND v511
[22:01:56] bPo-aB8i EMOTE: corgi puppy/ : <B>The corgi puppy</B> yaps.
[22:02:20] bPo-aB8i ADMIN: Vivalas/(Brittany Fischer) teleported Vivalas/(Brittany Fischer)
[22:02:25] bPo-aB8i ADMIN: Vivalas/(Brittany Fischer) teleported @Vivalas/(Gert Nadelman)
[22:02:26] bPo-aB8i ACCESS: Logout: *no key*/(Brittany Fischer)
[22:02:26] bPo-aB8i ACCESS: Login: Vivalas/(Gert Nadelman) from 127.0.0.1-1842493572 || BYOND v511
[22:02:39] bPo-aB8i ADMIN: Vivalas/(Gert Nadelman) created 1 /obj/item/clothing/suit/radio_harness (<a HREF='?_src_=holder;adminplayerobservecoodjump=1;X=57;Y=252;Z=1'>JMP</a>)
[22:03:04] bPo-aB8i ADMIN: Vivalas/(Gert Nadelman) created 1 /obj/item/device/radio/feldfu (<a HREF='?_src_=holder;adminplayerobservecoodjump=1;X=55;Y=251;Z=1'>JMP</a>)
[22:03:30] bPo-aB8i ADMIN: Vivalas/(Gert Nadelman) created 1 /obj/item/device/radio (<a HREF='?_src_=holder;adminplayerobservecoodjump=1;X=51;Y=252;Z=1'>JMP</a>)
[22:03:55] bPo-aB8i ACCESS: Logout: Vivalas/(Gert Nadelman)


Starting up. (ID: bPo-aEr9) 22:14.15
---------------------
[22:14:16] bPo-aEr9 ADMIN: Loading jobban_rank
[22:14:16] bPo-aEr9 ADMIN: jobban_keylist was empty
[22:14:16] bPo-aEr9 ADMIN: Loading Banlist
[22:14:16] bPo-aEr9 DEBUG: Rebuilding Master Controller
[22:16:55] bPo-aEr9 ACCESS: Login: Vivalas/(Vivalas) from 127.0.0.1-1842493572 || BYOND v511
[22:17:00] bPo-aEr9 ADMIN: Vivalas has started the game.
[22:17:01] bPo-aEr9 DEBUG: Next event of severity Mundane in 16.448 minutes.
[22:17:01] bPo-aEr9 DEBUG: Next event of severity Moderate in 48.368 minutes.
[22:17:01] bPo-aEr9 DEBUG: Next event of severity Major in 94.5833 minutes.
[22:17:07] bPo-aEr9 ACCESS: Logout: *no key*/(Vivalas)
[22:17:07] bPo-aEr9 ACCESS: Login: Vivalas/(Tanner Hoenshell) from 127.0.0.1-1842493572 || BYOND v511
[22:18:12] bPo-aEr9 EMOTE: corgi puppy/ : <B>The corgi puppy</B> woofs.
[22:18:54] bPo-aEr9 EMOTE: corgi puppy/ : <B>The corgi puppy</B> pants.
[22:21:15] bPo-aEr9 ADMIN: Vivalas/(Adolph Steinbacher) created 1 /obj/item/weapon/gun/projectile/heavysniper/ptrd (<a HREF='?_src_=holder;adminplayerobservecoodjump=1;X=60;Y=680;Z=1'>JMP</a>)
[22:21:48] bPo-aEr9 ADMIN: Vivalas/(Adolph Steinbacher) created 1 /obj/item/ammo_magazine/a556x45 (<a HREF='?_src_=holder;adminplayerobservecoodjump=1;X=61;Y=680;Z=1'>JMP</a>)
[22:21:53] bPo-aEr9 ADMIN: Vivalas/(Adolph Steinbacher) created 1 /obj/item/ammo_magazine/a127x108 (<a HREF='?_src_=holder;adminplayerobservecoodjump=1;X=61;Y=681;Z=1'>JMP</a>)
[22:22:32] bPo-aEr9 ATTACK: Adolph Steinbacher (vivalas) primed Stielgranate 41 (<A HREF='?_src_=holder;adminplayerobservecoodjump=1;X=63;Y=679;Z=1'>JMP</a>)
[22:22:33] bPo-aEr9 ATTACK: Adolph Steinbacher (vivalas) primed Stielgranate 41 (<A HREF='?_src_=holder;adminplayerobservecoodjump=1;X=63;Y=679;Z=1'>JMP</a>)
[22:22:34] bPo-aEr9 ATTACK: Adolph Steinbacher (vivalas) primed Stielgranate 41 (<A HREF='?_src_=holder;adminplayerobservecoodjump=1;X=63;Y=679;Z=1'>JMP</a>)
[22:22:35] bPo-aEr9 ATTACK: Adolph Steinbacher (vivalas) primed Stielgranate 41 (<A HREF='?_src_=holder;adminplayerobservecoodjump=1;X=63;Y=679;Z=1'>JMP</a>)
[22:22:36] bPo-aEr9 ATTACK: Adolph Steinbacher (vivalas) primed Stielgranate 41 (<A HREF='?_src_=holder;adminplayerobservecoodjump=1;X=63;Y=679;Z=1'>JMP</a>)
[22:22:37] bPo-aEr9 ATTACK: Adolph Steinbacher (vivalas) primed Stielgranate 41 (<A HREF='?_src_=holder;adminplayerobservecoodjump=1;X=63;Y=679;Z=1'>JMP</a>)
[22:22:39] bPo-aEr9 EMOTE: Adolph Steinbacher/Vivalas : screams!
[22:22:39] bPo-aEr9 EMOTE: Adolph Steinbacher/Vivalas : <B>Adolph Steinbacher</B> screams!
[22:22:39] bPo-aEr9 EMOTE: Adolph Steinbacher/Vivalas : screams!
[22:22:39] bPo-aEr9 EMOTE: Adolph Steinbacher/Vivalas : <B>Adolph Steinbacher</B> screams!
[22:22:40] bPo-aEr9 EMOTE: Adolph Steinbacher/Vivalas : screams!
[22:22:40] bPo-aEr9 EMOTE: Adolph Steinbacher/Vivalas : <B>Adolph Steinbacher</B> screams!
[22:22:40] bPo-aEr9 EMOTE: Adolph Steinbacher/Vivalas : screams!
[22:22:40] bPo-aEr9 EMOTE: Adolph Steinbacher/Vivalas : <B>Adolph Steinbacher</B> screams!
[22:22:40] bPo-aEr9 EMOTE: Adolph Steinbacher/Vivalas : screams!
[22:22:40] bPo-aEr9 EMOTE: Adolph Steinbacher/Vivalas : <B>Adolph Steinbacher</B> screams!
[22:22:40] bPo-aEr9 EMOTE: Adolph Steinbacher/Vivalas : screams!
[22:22:40] bPo-aEr9 EMOTE: Adolph Steinbacher/Vivalas : <B>Adolph Steinbacher</B> screams!
[22:22:40] bPo-aEr9 EMOTE: Adolph Steinbacher/Vivalas : screams!
[22:22:40] bPo-aEr9 EMOTE: Adolph Steinbacher/Vivalas : <B>Adolph Steinbacher</B> screams!
[22:22:41] bPo-aEr9 EMOTE: Adolph Steinbacher/Vivalas : screams!
[22:22:41] bPo-aEr9 EMOTE: Adolph Steinbacher/Vivalas : <B>Adolph Steinbacher</B> screams!
[22:22:42] bPo-aEr9 ACCESS: Logout: *no key*/(Adolph Steinbacher)
[22:22:42] bPo-aEr9 ACCESS: Login: Vivalas/(Tanner Hoenshell) from 127.0.0.1-1842493572 || BYOND v511
[22:23:05] bPo-aEr9 ACCESS: Logout: Vivalas/(Tanner Hoenshell)


Starting up. (ID: bPo-aFSh) 22:23.21
---------------------
[22:23:22] bPo-aFSh ADMIN: Loading jobban_rank
[22:23:22] bPo-aFSh ADMIN: jobban_keylist was empty
[22:23:22] bPo-aFSh ADMIN: Loading Banlist
[22:23:22] bPo-aFSh DEBUG: Rebuilding Master Controller


Starting up. (ID: bPo-aHYz) 22:36.49
---------------------
[22:36:50] bPo-aHYz ADMIN: Loading jobban_rank
[22:36:50] bPo-aHYz ADMIN: jobban_keylist was empty
[22:36:50] bPo-aHYz ADMIN: Loading Banlist
[22:36:50] bPo-aHYz DEBUG: Rebuilding Master Controller
[22:39:09] bPo-aHYz ACCESS: Login: Vivalas/(Vivalas) from 127.0.0.1-1842493572 || BYOND v511
[22:39:13] bPo-aHYz ADMIN: Vivalas has started the game.
[22:39:14] bPo-aHYz DEBUG: Next event of severity Mundane in 17.998 minutes.
[22:39:14] bPo-aHYz DEBUG: Next event of severity Moderate in 39.924 minutes.
[22:39:14] bPo-aHYz DEBUG: Next event of severity Major in 90.95 minutes.
[22:39:20] bPo-aHYz ACCESS: Logout: *no key*/(Vivalas)
[22:39:20] bPo-aHYz ACCESS: Login: Vivalas/(Nicolas Poley) from 127.0.0.1-1842493572 || BYOND v511
[22:39:35] bPo-aHYz EMOTE: corgi puppy/ : <B>The corgi puppy</B> pants.
[22:39:43] bPo-aHYz EMOTE: Ian/ : <B>Ian</B> dances around
[22:41:54] bPo-aHYz ADMIN: Vivalas/(Margareta Steinbacher) created 1 /obj/item/device/radio/rbs (<a HREF='?_src_=holder;adminplayerobservecoodjump=1;X=55;Y=694;Z=1'>JMP</a>)
[22:41:55] bPo-aHYz ADMIN: Vivalas/(Margareta Steinbacher) created 1 /obj/item/device/radio/rbs (<a HREF='?_src_=holder;adminplayerobservecoodjump=1;X=55;Y=694;Z=1'>JMP</a>)
[22:42:04] bPo-aHYz ACCESS: Logout: Vivalas/(Margareta Steinbacher)


Starting up. (ID: bPo-aJWq) 22:49.26
---------------------
[22:49:27] bPo-aJWq ADMIN: Loading jobban_rank
[22:49:27] bPo-aJWq ADMIN: jobban_keylist was empty
[22:49:27] bPo-aJWq ADMIN: Loading Banlist
[22:49:27] bPo-aJWq DEBUG: Rebuilding Master Controller


Starting up. (ID: bPo-aMFm) 23:06.50
---------------------
[23:06:51] bPo-aMFm ADMIN: Loading jobban_rank
[23:06:51] bPo-aMFm ADMIN: jobban_keylist was empty
[23:06:51] bPo-aMFm ADMIN: Loading Banlist
[23:06:51] bPo-aMFm DEBUG: Rebuilding Master Controller
[23:32:00] bPo-aMFm ACCESS: Login: Vivalas/(Vivalas) from 127.0.0.1-1842493572 || BYOND v511
[23:32:01] bPo-aMFm ACCESS: Logout: Vivalas/(Vivalas)
[23:32:01] bPo-aMFm ACCESS: Login: Vivalas/(Vivalas) from 127.0.0.1-1842493572 || BYOND v511
[23:32:05] bPo-aMFm ADMIN: Vivalas has started the game.
[23:32:05] bPo-aMFm DEBUG: Next event of severity Mundane in 13.822 minutes.
[23:32:05] bPo-aMFm DEBUG: Next event of severity Moderate in 48.75 minutes.
[23:32:05] bPo-aMFm DEBUG: Next event of severity Major in 90.49 minutes.
[23:32:08] bPo-aMFm ACCESS: Logout: *no key*/(Vivalas)
[23:32:08] bPo-aMFm ACCESS: Login: Vivalas/(Zelda Lewis) from 127.0.0.1-1842493572 || BYOND v511
[23:32:50] bPo-aMFm EMOTE: Ian/ : <B>Ian</B> shakes its head.
[23:33:06] bPo-aMFm ACCESS: Logout: Vivalas/(Susanne Klugmann)


Starting up. (ID: bPo-aQSL) 23:33.51
---------------------
[23:33:51] bPo-aQSL ADMIN: Loading jobban_rank
[23:33:51] bPo-aQSL ADMIN: jobban_keylist was empty
[23:33:51] bPo-aQSL ADMIN: Loading Banlist
[23:33:52] bPo-aQSL DEBUG: Rebuilding Master Controller
[23:36:11] bPo-aQSL ACCESS: Login: Vivalas/(Vivalas) from 127.0.0.1-1842493572 || BYOND v511
[23:36:18] bPo-aQSL ADMIN: Vivalas has started the game.
[23:36:18] bPo-aQSL DEBUG: Next event of severity Mundane in 17.584 minutes.
[23:36:18] bPo-aQSL DEBUG: Next event of severity Moderate in 38.922 minutes.
[23:36:18] bPo-aQSL DEBUG: Next event of severity Major in 94.4433 minutes.
[23:36:21] bPo-aQSL ACCESS: Logout: *no key*/(Vivalas)
[23:36:21] bPo-aQSL ACCESS: Login: Vivalas/(Merideth Edwards) from 127.0.0.1-1842493572 || BYOND v511
[23:36:39] bPo-aQSL ACCESS: Logout: Vivalas/(Isolde Klugmann)


Starting up. (ID: bPo-aR1i) 23:41.02
---------------------
[23:41:03] bPo-aR1i ADMIN: Loading jobban_rank
[23:41:03] bPo-aR1i ADMIN: jobban_keylist was empty
[23:41:03] bPo-aR1i ADMIN: Loading Banlist
[23:41:03] bPo-aR1i DEBUG: Rebuilding Master Controller


Starting up. (ID: bPo-aSVd) 23:46.55
---------------------
[23:46:56] bPo-aSVd ADMIN: Loading jobban_rank
[23:46:56] bPo-aSVd ADMIN: jobban_keylist was empty
[23:46:56] bPo-aSVd ADMIN: Loading Banlist
[23:46:56] bPo-aSVd DEBUG: Rebuilding Master Controller
[23:48:40] bPo-aSVd ACCESS: Login: Vivalas/(Vivalas) from 127.0.0.1-1842493572 || BYOND v511
[23:48:46] bPo-aSVd ACCESS: Logout: Vivalas/(Vivalas)
[23:48:46] bPo-aSVd ACCESS: Login: Vivalas/(Vivalas) from 127.0.0.1-1842493572 || BYOND v511
[23:48:50] bPo-aSVd ADMIN: Vivalas has started the game.
[23:48:50] bPo-aSVd DEBUG: Next event of severity Mundane in 13.476 minutes.
[23:48:50] bPo-aSVd DEBUG: Next event of severity Moderate in 42.11 minutes.
[23:48:50] bPo-aSVd DEBUG: Next event of severity Major in 81.0933 minutes.
[23:48:52] bPo-aSVd ACCESS: Logout: *no key*/(Vivalas)
[23:48:52] bPo-aSVd ACCESS: Login: Vivalas/(Debbi Lester) from 127.0.0.1-1842493572 || BYOND v511
[23:49:24] bPo-aSVd ADMIN: Vivalas/(Catrin Schuerer) modified base loudspeaker's item_state to loudspeaker
[23:49:37] bPo-aSVd ADMIN: Vivalas/(Catrin Schuerer) modified base loudspeaker's icon_state to loudspeaker
[23:51:43] bPo-aSVd EMOTE: Ian/ : <B>Ian</B> dances around
[23:52:37] bPo-aSVd EMOTE: corgi puppy/ : <B>The corgi puppy</B> yaps.
[23:54:07] bPo-aSVd EMOTE: Ian/ : <B>Ian</B> dances around
[23:54:09] bPo-aSVd EMOTE: Ian/ : <B>Ian</B> barks.
[23:55:09] bPo-aSVd EMOTE: Ian/ : <B>Ian</B> chases their tail
[23:55:37] bPo-aSVd EMOTE: corgi puppy/ : <B>The corgi puppy</B> woofs.
[23:57:33] bPo-aSVd EMOTE: corgi puppy/ : <B>The corgi puppy</B> pants.
[23:58:06] bPo-aSVd ACCESS: Logout: Vivalas/(Catrin Schuerer)
